{"C:\\Users\\gomez\\OneDrive\\Documentos\\Node\\02-testingTypescript\\src\\plugins\\index.ts": {"path":"C:\\Users\\gomez\\OneDrive\\Documentos\\Node\\02-testingTypescript\\src\\plugins\\index.ts","all":false,"statementMap":{"0":{"start":{"line":1,"column":0},"end":{"line":1,"column":0}},"1":{"start":{"line":2,"column":0},"end":{"line":2,"column":42}},"2":{"start":{"line":3,"column":0},"end":{"line":3,"column":42}},"3":{"start":{"line":4,"column":0},"end":{"line":4,"column":70}},"4":{"start":{"line":5,"column":0},"end":{"line":5,"column":46}}},"s":{"0":1,"1":1,"2":1,"3":1,"4":1},"branchMap":{"0":{"type":"branch","line":2,"loc":{"start":{"line":2,"column":9},"end":{"line":2,"column":42}},"locations":[{"start":{"line":2,"column":9},"end":{"line":2,"column":42}}]}},"b":{"0":[2]},"fnMap":{"0":{"name":"get","decl":{"start":{"line":2,"column":9},"end":{"line":2,"column":42}},"loc":{"start":{"line":2,"column":9},"end":{"line":2,"column":42}},"line":2},"1":{"name":"get","decl":{"start":{"line":3,"column":9},"end":{"line":3,"column":42}},"loc":{"start":{"line":3,"column":9},"end":{"line":3,"column":42}},"line":3},"2":{"name":"get","decl":{"start":{"line":4,"column":9},"end":{"line":4,"column":39}},"loc":{"start":{"line":4,"column":9},"end":{"line":4,"column":39}},"line":4},"3":{"name":"get","decl":{"start":{"line":5,"column":9},"end":{"line":5,"column":46}},"loc":{"start":{"line":5,"column":9},"end":{"line":5,"column":46}},"line":5}},"f":{"0":2,"1":0,"2":0,"3":0}}
}
